<?xml version="1.0" encoding="UTF-8"?>
<!-- Generated by org.testng.reporters.JUnitXMLReporter -->
<testsuite hostname="DESKTOP-I3VEVNM" name="Test" tests="3" failures="0" timestamp="15 Sep 2018 10:31:00 GMT" time="55.372" errors="0">
  <testcase name="testsample1" time="55.302" classname="com.test.module1testscripts.TestClass3"/>
  <testcase name="testsample1" time="55.307" classname="com.test.module1testscripts.TestClass2"/>
  <testcase name="testsample1" time="55.349" classname="com.test.module1testscripts.TestClass1"/>
</testsuite> <!-- Test -->
