<?xml version="1.0" encoding="UTF-8"?>
<testsuite xmlns:xsi="http://www.w3.org/2001/XMLSchema-instance" xsi:schemaLocation="https://maven.apache.org/surefire/maven-surefire-plugin/xsd/surefire-test-report.xsd" name="TestSuite" time="25.952" tests="2" errors="0" skipped="0" failures="0">
  <properties>
[...]
</properties>
  <testcase name="testsample1" classname="com.test.module1testscripts3.TestClass1" time="21.869"/>
  <testcase name="testsample1" classname="com.test.module1testscripts3.TestClass2" time="23.315"/>
</testsuite>